2025-10-11T22:19:20.769+05:30  INFO 23400 --- [restartedMain] c.karthyk.movieapi.MovieapiApplication   : Starting MovieapiApplication using Java 17.0.12 with PID 23400 (C:\Karthick\Kafka_Project\Repo\movieApi_codebase\target\classes started by sugan in C:\Karthick\Kafka_Project\Repo\movieApi_codebase)
2025-10-11T22:19:20.773+05:30 DEBUG 23400 --- [restartedMain] c.karthyk.movieapi.MovieapiApplication   : Running with Spring Boot v3.3.4, Spring v6.1.13
2025-10-11T22:19:20.776+05:30  INFO 23400 --- [restartedMain] c.karthyk.movieapi.MovieapiApplication   : No active profile set, falling back to 1 default profile: "default"
2025-10-11T22:19:20.924+05:30  INFO 23400 --- [restartedMain] .e.DevToolsPropertyDefaultsPostProcessor : Devtools property defaults active! Set 'spring.devtools.add-properties' to 'false' to disable
2025-10-11T22:19:20.925+05:30  INFO 23400 --- [restartedMain] .e.DevToolsPropertyDefaultsPostProcessor : For additional web related logging consider setting the 'logging.level.web' property to 'DEBUG'
2025-10-11T22:19:23.897+05:30  INFO 23400 --- [restartedMain] .s.d.r.c.RepositoryConfigurationDelegate : Bootstrapping Spring Data JPA repositories in DEFAULT mode.
2025-10-11T22:19:24.053+05:30  INFO 23400 --- [restartedMain] .s.d.r.c.RepositoryConfigurationDelegate : Finished Spring Data repository scanning in 141 ms. Found 1 JPA repository interface.
2025-10-11T22:19:26.094+05:30  INFO 23400 --- [restartedMain] o.s.b.w.embedded.tomcat.TomcatWebServer  : Tomcat initialized with port 8080 (http)
2025-10-11T22:19:26.123+05:30  INFO 23400 --- [restartedMain] o.apache.catalina.core.StandardService   : Starting service [Tomcat]
2025-10-11T22:19:26.124+05:30  INFO 23400 --- [restartedMain] o.apache.catalina.core.StandardEngine    : Starting Servlet engine: [Apache Tomcat/10.1.30]
2025-10-11T22:19:26.246+05:30  INFO 23400 --- [restartedMain] o.a.c.c.C.[Tomcat].[localhost].[/]       : Initializing Spring embedded WebApplicationContext
2025-10-11T22:19:26.246+05:30  INFO 23400 --- [restartedMain] w.s.c.ServletWebServerApplicationContext : Root WebApplicationContext: initialization completed in 5318 ms
2025-10-11T22:19:26.982+05:30  INFO 23400 --- [restartedMain] o.hibernate.jpa.internal.util.LogHelper  : HHH000204: Processing PersistenceUnitInfo [name: default]
2025-10-11T22:19:27.130+05:30  INFO 23400 --- [restartedMain] org.hibernate.Version                    : HHH000412: Hibernate ORM core version 6.5.3.Final
2025-10-11T22:19:27.226+05:30  INFO 23400 --- [restartedMain] o.h.c.internal.RegionFactoryInitiator    : HHH000026: Second-level cache disabled
2025-10-11T22:19:27.891+05:30  INFO 23400 --- [restartedMain] o.s.o.j.p.SpringPersistenceUnitInfo      : No LoadTimeWeaver setup: ignoring JPA class transformer
2025-10-11T22:19:27.945+05:30  INFO 23400 --- [restartedMain] com.zaxxer.hikari.HikariDataSource       : HikariPool-1 - Starting...
2025-10-11T22:19:28.213+05:30  INFO 23400 --- [restartedMain] com.zaxxer.hikari.pool.HikariPool        : HikariPool-1 - Added connection org.postgresql.jdbc.PgConnection@4faa0b0e
2025-10-11T22:19:28.214+05:30  INFO 23400 --- [restartedMain] com.zaxxer.hikari.HikariDataSource       : HikariPool-1 - Start completed.
2025-10-11T22:19:28.290+05:30  WARN 23400 --- [restartedMain] org.hibernate.orm.deprecation            : HHH90000025: PostgreSQLDialect does not need to be specified explicitly using 'hibernate.dialect' (remove the property setting and it will be selected by default)
2025-10-11T22:19:29.625+05:30  INFO 23400 --- [restartedMain] o.h.e.t.j.p.i.JtaPlatformInitiator       : HHH000489: No JTA platform available (set 'hibernate.transaction.jta.platform' to enable JTA platform integration)
2025-10-11T22:19:30.017+05:30  INFO 23400 --- [restartedMain] j.LocalContainerEntityManagerFactoryBean : Initialized JPA EntityManagerFactory for persistence unit 'default'
2025-10-11T22:19:31.728+05:30  WARN 23400 --- [restartedMain] JpaBaseConfiguration$JpaWebConfiguration : spring.jpa.open-in-view is enabled by default. Therefore, database queries may be performed during view rendering. Explicitly configure spring.jpa.open-in-view to disable this warning
2025-10-11T22:19:33.834+05:30  INFO 23400 --- [restartedMain] o.s.b.d.a.OptionalLiveReloadServer       : LiveReload server is running on port 35729
2025-10-11T22:19:33.864+05:30  INFO 23400 --- [restartedMain] o.s.b.a.e.web.EndpointLinksResolver      : Exposing 1 endpoint beneath base path '/actuator'
2025-10-11T22:19:34.155+05:30  INFO 23400 --- [restartedMain] o.s.b.w.embedded.tomcat.TomcatWebServer  : Tomcat started on port 8080 (http) with context path '/'
2025-10-11T22:19:34.229+05:30  INFO 23400 --- [restartedMain] o.a.k.clients.consumer.ConsumerConfig    : ConsumerConfig values: 
	allow.auto.create.topics = true
	auto.commit.interval.ms = 5000
	auto.include.jmx.reporter = true
	auto.offset.reset = latest
	bootstrap.servers = [localhost:9092]
	check.crcs = true
	client.dns.lookup = use_all_dns_ips
	client.id = consumer-movie-api-group-1
	client.rack = 
	connections.max.idle.ms = 540000
	default.api.timeout.ms = 60000
	enable.auto.commit = false
	enable.metrics.push = true
	exclude.internal.topics = true
	fetch.max.bytes = 52428800
	fetch.max.wait.ms = 500
	fetch.min.bytes = 1
	group.id = movie-api-group
	group.instance.id = null
	group.protocol = classic
	group.remote.assignor = null
	heartbeat.interval.ms = 3000
	interceptor.classes = []
	internal.leave.group.on.close = true
	internal.throw.on.fetch.stable.offset.unsupported = false
	isolation.level = read_uncommitted
	key.deserializer = class org.apache.kafka.common.serialization.StringDeserializer
	max.partition.fetch.bytes = 1048576
	max.poll.interval.ms = 300000
	max.poll.records = 500
	metadata.max.age.ms = 300000
	metric.reporters = []
	metrics.num.samples = 2
	metrics.recording.level = INFO
	metrics.sample.window.ms = 30000
	partition.assignment.strategy = [class org.apache.kafka.clients.consumer.RangeAssignor, class org.apache.kafka.clients.consumer.CooperativeStickyAssignor]
	receive.buffer.bytes = 65536
	reconnect.backoff.max.ms = 1000
	reconnect.backoff.ms = 50
	request.timeout.ms = 30000
	retry.backoff.max.ms = 1000
	retry.backoff.ms = 100
	sasl.client.callback.handler.class = null
	sasl.jaas.config = null
	sasl.kerberos.kinit.cmd = /usr/bin/kinit
	sasl.kerberos.min.time.before.relogin = 60000
	sasl.kerberos.service.name = null
	sasl.kerberos.ticket.renew.jitter = 0.05
	sasl.kerberos.ticket.renew.window.factor = 0.8
	sasl.login.callback.handler.class = null
	sasl.login.class = null
	sasl.login.connect.timeout.ms = null
	sasl.login.read.timeout.ms = null
	sasl.login.refresh.buffer.seconds = 300
	sasl.login.refresh.min.period.seconds = 60
	sasl.login.refresh.window.factor = 0.8
	sasl.login.refresh.window.jitter = 0.05
	sasl.login.retry.backoff.max.ms = 10000
	sasl.login.retry.backoff.ms = 100
	sasl.mechanism = GSSAPI
	sasl.oauthbearer.clock.skew.seconds = 30
	sasl.oauthbearer.expected.audience = null
	sasl.oauthbearer.expected.issuer = null
	sasl.oauthbearer.jwks.endpoint.refresh.ms = 3600000
	sasl.oauthbearer.jwks.endpoint.retry.backoff.max.ms = 10000
	sasl.oauthbearer.jwks.endpoint.retry.backoff.ms = 100
	sasl.oauthbearer.jwks.endpoint.url = null
	sasl.oauthbearer.scope.claim.name = scope
	sasl.oauthbearer.sub.claim.name = sub
	sasl.oauthbearer.token.endpoint.url = null
	security.protocol = PLAINTEXT
	security.providers = null
	send.buffer.bytes = 131072
	session.timeout.ms = 45000
	socket.connection.setup.timeout.max.ms = 30000
	socket.connection.setup.timeout.ms = 10000
	ssl.cipher.suites = null
	ssl.enabled.protocols = [TLSv1.2, TLSv1.3]
	ssl.endpoint.identification.algorithm = https
	ssl.engine.factory.class = null
	ssl.key.password = null
	ssl.keymanager.algorithm = SunX509
	ssl.keystore.certificate.chain = null
	ssl.keystore.key = null
	ssl.keystore.location = null
	ssl.keystore.password = null
	ssl.keystore.type = JKS
	ssl.protocol = TLSv1.3
	ssl.provider = null
	ssl.secure.random.implementation = null
	ssl.trustmanager.algorithm = PKIX
	ssl.truststore.certificates = null
	ssl.truststore.location = null
	ssl.truststore.password = null
	ssl.truststore.type = JKS
	value.deserializer = class org.springframework.kafka.support.serializer.JsonDeserializer

2025-10-11T22:19:34.357+05:30  INFO 23400 --- [restartedMain] o.a.k.c.t.i.KafkaMetricsCollector        : initializing Kafka metrics collector
2025-10-11T22:19:34.611+05:30  INFO 23400 --- [restartedMain] o.a.kafka.common.utils.AppInfoParser     : Kafka version: 3.7.1
2025-10-11T22:19:34.611+05:30  INFO 23400 --- [restartedMain] o.a.kafka.common.utils.AppInfoParser     : Kafka commitId: e2494e6ffb89f828
2025-10-11T22:19:34.611+05:30  INFO 23400 --- [restartedMain] o.a.kafka.common.utils.AppInfoParser     : Kafka startTimeMs: 1760201374609
2025-10-11T22:19:34.618+05:30  INFO 23400 --- [restartedMain] o.a.k.c.c.internals.LegacyKafkaConsumer  : [Consumer clientId=consumer-movie-api-group-1, groupId=movie-api-group] Subscribed to topic(s): movie.events
2025-10-11T22:19:34.660+05:30  INFO 23400 --- [restartedMain] c.karthyk.movieapi.MovieapiApplication   : Started MovieapiApplication in 15.246 seconds (process running for 16.242)
2025-10-11T22:19:35.673+05:30  INFO 23400 --- [org.springframework.kafka.KafkaListenerEndpointContainer#0-0-C-1] org.apache.kafka.clients.Metadata        : [Consumer clientId=consumer-movie-api-group-1, groupId=movie-api-group] Cluster ID: HWgE7wCgRqe1M91xygTMUw
2025-10-11T22:19:35.675+05:30  INFO 23400 --- [org.springframework.kafka.KafkaListenerEndpointContainer#0-0-C-1] o.a.k.c.c.internals.ConsumerCoordinator  : [Consumer clientId=consumer-movie-api-group-1, groupId=movie-api-group] Discovered group coordinator localhost:9092 (id: 2147482646 rack: null)
2025-10-11T22:19:35.685+05:30  INFO 23400 --- [org.springframework.kafka.KafkaListenerEndpointContainer#0-0-C-1] o.a.k.c.c.internals.ConsumerCoordinator  : [Consumer clientId=consumer-movie-api-group-1, groupId=movie-api-group] (Re-)joining group
2025-10-11T22:19:35.738+05:30  INFO 23400 --- [org.springframework.kafka.KafkaListenerEndpointContainer#0-0-C-1] o.a.k.c.c.internals.ConsumerCoordinator  : [Consumer clientId=consumer-movie-api-group-1, groupId=movie-api-group] Request joining group due to: need to re-join with the given member-id: consumer-movie-api-group-1-0f5fd448-7825-4f6c-a595-a268f68b46de
2025-10-11T22:19:35.739+05:30  INFO 23400 --- [org.springframework.kafka.KafkaListenerEndpointContainer#0-0-C-1] o.a.k.c.c.internals.ConsumerCoordinator  : [Consumer clientId=consumer-movie-api-group-1, groupId=movie-api-group] (Re-)joining group
2025-10-11T22:19:38.770+05:30  INFO 23400 --- [org.springframework.kafka.KafkaListenerEndpointContainer#0-0-C-1] o.a.k.c.c.internals.ConsumerCoordinator  : [Consumer clientId=consumer-movie-api-group-1, groupId=movie-api-group] Successfully joined group with generation Generation{generationId=7, memberId='consumer-movie-api-group-1-0f5fd448-7825-4f6c-a595-a268f68b46de', protocol='range'}
2025-10-11T22:19:38.779+05:30  INFO 23400 --- [org.springframework.kafka.KafkaListenerEndpointContainer#0-0-C-1] o.a.k.c.c.internals.ConsumerCoordinator  : [Consumer clientId=consumer-movie-api-group-1, groupId=movie-api-group] Finished assignment for group at generation 7: {consumer-movie-api-group-1-0f5fd448-7825-4f6c-a595-a268f68b46de=Assignment(partitions=[movie.events-0])}
2025-10-11T22:19:38.809+05:30  INFO 23400 --- [org.springframework.kafka.KafkaListenerEndpointContainer#0-0-C-1] o.a.k.c.c.internals.ConsumerCoordinator  : [Consumer clientId=consumer-movie-api-group-1, groupId=movie-api-group] Successfully synced group in generation Generation{generationId=7, memberId='consumer-movie-api-group-1-0f5fd448-7825-4f6c-a595-a268f68b46de', protocol='range'}
2025-10-11T22:19:38.809+05:30  INFO 23400 --- [org.springframework.kafka.KafkaListenerEndpointContainer#0-0-C-1] o.a.k.c.c.internals.ConsumerCoordinator  : [Consumer clientId=consumer-movie-api-group-1, groupId=movie-api-group] Notifying assignor about the new Assignment(partitions=[movie.events-0])
2025-10-11T22:19:38.812+05:30  INFO 23400 --- [org.springframework.kafka.KafkaListenerEndpointContainer#0-0-C-1] k.c.c.i.ConsumerRebalanceListenerInvoker : [Consumer clientId=consumer-movie-api-group-1, groupId=movie-api-group] Adding newly assigned partitions: movie.events-0
2025-10-11T22:19:38.846+05:30  INFO 23400 --- [org.springframework.kafka.KafkaListenerEndpointContainer#0-0-C-1] o.a.k.c.c.internals.ConsumerUtils        : Setting offset for partition movie.events-0 to the committed offset FetchPosition{offset=3, offsetEpoch=Optional.empty, currentLeader=LeaderAndEpoch{leader=Optional[localhost:9092 (id: 1001 rack: null)], epoch=0}}
2025-10-11T22:19:38.850+05:30  INFO 23400 --- [org.springframework.kafka.KafkaListenerEndpointContainer#0-0-C-1] o.s.k.l.KafkaMessageListenerContainer    : movie-api-group: partitions assigned: [movie.events-0]
2025-10-11T22:19:54.157+05:30  INFO 23400 --- [org.springframework.kafka.KafkaListenerEndpointContainer#0-0-C-1] k.c.c.i.ConsumerRebalanceListenerInvoker : [Consumer clientId=consumer-movie-api-group-1, groupId=movie-api-group] Revoke previously assigned partitions movie.events-0
2025-10-11T22:19:54.158+05:30  INFO 23400 --- [org.springframework.kafka.KafkaListenerEndpointContainer#0-0-C-1] o.s.k.l.KafkaMessageListenerContainer    : movie-api-group: partitions revoked: [movie.events-0]
2025-10-11T22:19:54.159+05:30  INFO 23400 --- [org.springframework.kafka.KafkaListenerEndpointContainer#0-0-C-1] o.a.k.c.c.internals.ConsumerCoordinator  : [Consumer clientId=consumer-movie-api-group-1, groupId=movie-api-group] Member consumer-movie-api-group-1-0f5fd448-7825-4f6c-a595-a268f68b46de sending LeaveGroup request to coordinator localhost:9092 (id: 2147482646 rack: null) due to the consumer unsubscribed from all topics
2025-10-11T22:19:54.161+05:30  INFO 23400 --- [org.springframework.kafka.KafkaListenerEndpointContainer#0-0-C-1] o.a.k.c.c.internals.ConsumerCoordinator  : [Consumer clientId=consumer-movie-api-group-1, groupId=movie-api-group] Resetting generation and member id due to: consumer pro-actively leaving the group
2025-10-11T22:19:54.161+05:30  INFO 23400 --- [org.springframework.kafka.KafkaListenerEndpointContainer#0-0-C-1] o.a.k.c.c.internals.ConsumerCoordinator  : [Consumer clientId=consumer-movie-api-group-1, groupId=movie-api-group] Request joining group due to: consumer pro-actively leaving the group
2025-10-11T22:19:54.161+05:30  INFO 23400 --- [org.springframework.kafka.KafkaListenerEndpointContainer#0-0-C-1] o.a.k.c.c.internals.LegacyKafkaConsumer  : [Consumer clientId=consumer-movie-api-group-1, groupId=movie-api-group] Unsubscribed all topics or patterns and assigned partitions
2025-10-11T22:19:54.164+05:30  INFO 23400 --- [org.springframework.kafka.KafkaListenerEndpointContainer#0-0-C-1] o.a.k.c.c.internals.ConsumerCoordinator  : [Consumer clientId=consumer-movie-api-group-1, groupId=movie-api-group] Resetting generation and member id due to: consumer pro-actively leaving the group
2025-10-11T22:19:54.165+05:30  INFO 23400 --- [org.springframework.kafka.KafkaListenerEndpointContainer#0-0-C-1] o.a.k.c.c.internals.ConsumerCoordinator  : [Consumer clientId=consumer-movie-api-group-1, groupId=movie-api-group] Request joining group due to: consumer pro-actively leaving the group
2025-10-11T22:19:54.184+05:30  INFO 23400 --- [org.springframework.kafka.KafkaListenerEndpointContainer#0-0-C-1] o.apache.kafka.common.metrics.Metrics    : Metrics scheduler closed
2025-10-11T22:19:54.185+05:30  INFO 23400 --- [org.springframework.kafka.KafkaListenerEndpointContainer#0-0-C-1] o.apache.kafka.common.metrics.Metrics    : Closing reporter org.apache.kafka.common.metrics.JmxReporter
2025-10-11T22:19:54.185+05:30  INFO 23400 --- [org.springframework.kafka.KafkaListenerEndpointContainer#0-0-C-1] o.apache.kafka.common.metrics.Metrics    : Closing reporter org.apache.kafka.common.telemetry.internals.ClientTelemetryReporter
2025-10-11T22:19:54.185+05:30  INFO 23400 --- [org.springframework.kafka.KafkaListenerEndpointContainer#0-0-C-1] o.apache.kafka.common.metrics.Metrics    : Metrics reporters closed
2025-10-11T22:19:54.197+05:30  INFO 23400 --- [org.springframework.kafka.KafkaListenerEndpointContainer#0-0-C-1] o.a.kafka.common.utils.AppInfoParser     : App info kafka.consumer for consumer-movie-api-group-1 unregistered
2025-10-11T22:19:54.200+05:30  INFO 23400 --- [org.springframework.kafka.KafkaListenerEndpointContainer#0-0-C-1] o.s.k.l.KafkaMessageListenerContainer    : movie-api-group: Consumer stopped
2025-10-11T22:19:54.365+05:30  INFO 23400 --- [SpringApplicationShutdownHook] j.LocalContainerEntityManagerFactoryBean : Closing JPA EntityManagerFactory for persistence unit 'default'
2025-10-11T22:19:54.372+05:30  INFO 23400 --- [SpringApplicationShutdownHook] com.zaxxer.hikari.HikariDataSource       : HikariPool-1 - Shutdown initiated...
2025-10-11T22:19:54.390+05:30  INFO 23400 --- [SpringApplicationShutdownHook] com.zaxxer.hikari.HikariDataSource       : HikariPool-1 - Shutdown completed.
2025-10-11T22:20:00.896+05:30  INFO 9392 --- [restartedMain] c.karthyk.movieapi.MovieapiApplication   : Starting MovieapiApplication using Java 17.0.12 with PID 9392 (C:\Karthick\Kafka_Project\Repo\movieApi_codebase\target\classes started by sugan in C:\Karthick\Kafka_Project\Repo\movieApi_codebase)
2025-10-11T22:20:00.901+05:30 DEBUG 9392 --- [restartedMain] c.karthyk.movieapi.MovieapiApplication   : Running with Spring Boot v3.3.4, Spring v6.1.13
2025-10-11T22:20:00.903+05:30  INFO 9392 --- [restartedMain] c.karthyk.movieapi.MovieapiApplication   : No active profile set, falling back to 1 default profile: "default"
2025-10-11T22:20:01.020+05:30  INFO 9392 --- [restartedMain] .e.DevToolsPropertyDefaultsPostProcessor : Devtools property defaults active! Set 'spring.devtools.add-properties' to 'false' to disable
2025-10-11T22:20:01.020+05:30  INFO 9392 --- [restartedMain] .e.DevToolsPropertyDefaultsPostProcessor : For additional web related logging consider setting the 'logging.level.web' property to 'DEBUG'
2025-10-11T22:20:03.377+05:30  INFO 9392 --- [restartedMain] .s.d.r.c.RepositoryConfigurationDelegate : Bootstrapping Spring Data JPA repositories in DEFAULT mode.
2025-10-11T22:20:03.475+05:30  INFO 9392 --- [restartedMain] .s.d.r.c.RepositoryConfigurationDelegate : Finished Spring Data repository scanning in 83 ms. Found 1 JPA repository interface.
2025-10-11T22:20:04.992+05:30  INFO 9392 --- [restartedMain] o.s.b.w.embedded.tomcat.TomcatWebServer  : Tomcat initialized with port 8080 (http)
2025-10-11T22:20:05.011+05:30  INFO 9392 --- [restartedMain] o.apache.catalina.core.StandardService   : Starting service [Tomcat]
2025-10-11T22:20:05.012+05:30  INFO 9392 --- [restartedMain] o.apache.catalina.core.StandardEngine    : Starting Servlet engine: [Apache Tomcat/10.1.30]
2025-10-11T22:20:05.117+05:30  INFO 9392 --- [restartedMain] o.a.c.c.C.[Tomcat].[localhost].[/]       : Initializing Spring embedded WebApplicationContext
2025-10-11T22:20:05.118+05:30  INFO 9392 --- [restartedMain] w.s.c.ServletWebServerApplicationContext : Root WebApplicationContext: initialization completed in 4096 ms
2025-10-11T22:20:05.763+05:30  INFO 9392 --- [restartedMain] o.hibernate.jpa.internal.util.LogHelper  : HHH000204: Processing PersistenceUnitInfo [name: default]
2025-10-11T22:20:05.877+05:30  INFO 9392 --- [restartedMain] org.hibernate.Version                    : HHH000412: Hibernate ORM core version 6.5.3.Final
2025-10-11T22:20:05.945+05:30  INFO 9392 --- [restartedMain] o.h.c.internal.RegionFactoryInitiator    : HHH000026: Second-level cache disabled
2025-10-11T22:20:06.508+05:30  INFO 9392 --- [restartedMain] o.s.o.j.p.SpringPersistenceUnitInfo      : No LoadTimeWeaver setup: ignoring JPA class transformer
2025-10-11T22:20:06.566+05:30  INFO 9392 --- [restartedMain] com.zaxxer.hikari.HikariDataSource       : HikariPool-1 - Starting...
2025-10-11T22:20:06.867+05:30  INFO 9392 --- [restartedMain] com.zaxxer.hikari.pool.HikariPool        : HikariPool-1 - Added connection org.postgresql.jdbc.PgConnection@24672999
2025-10-11T22:20:06.870+05:30  INFO 9392 --- [restartedMain] com.zaxxer.hikari.HikariDataSource       : HikariPool-1 - Start completed.
2025-10-11T22:20:06.920+05:30  WARN 9392 --- [restartedMain] org.hibernate.orm.deprecation            : HHH90000025: PostgreSQLDialect does not need to be specified explicitly using 'hibernate.dialect' (remove the property setting and it will be selected by default)
2025-10-11T22:20:08.142+05:30  INFO 9392 --- [restartedMain] o.h.e.t.j.p.i.JtaPlatformInitiator       : HHH000489: No JTA platform available (set 'hibernate.transaction.jta.platform' to enable JTA platform integration)
2025-10-11T22:20:08.212+05:30  INFO 9392 --- [restartedMain] j.LocalContainerEntityManagerFactoryBean : Initialized JPA EntityManagerFactory for persistence unit 'default'
2025-10-11T22:20:09.318+05:30  WARN 9392 --- [restartedMain] JpaBaseConfiguration$JpaWebConfiguration : spring.jpa.open-in-view is enabled by default. Therefore, database queries may be performed during view rendering. Explicitly configure spring.jpa.open-in-view to disable this warning
2025-10-11T22:20:11.475+05:30  INFO 9392 --- [restartedMain] o.s.b.d.a.OptionalLiveReloadServer       : LiveReload server is running on port 35729
2025-10-11T22:20:11.496+05:30  INFO 9392 --- [restartedMain] o.s.b.a.e.web.EndpointLinksResolver      : Exposing 1 endpoint beneath base path '/actuator'
2025-10-11T22:20:11.719+05:30  INFO 9392 --- [restartedMain] o.s.b.w.embedded.tomcat.TomcatWebServer  : Tomcat started on port 8080 (http) with context path '/'
2025-10-11T22:20:11.800+05:30  INFO 9392 --- [restartedMain] o.a.k.clients.consumer.ConsumerConfig    : ConsumerConfig values: 
	allow.auto.create.topics = true
	auto.commit.interval.ms = 5000
	auto.include.jmx.reporter = true
	auto.offset.reset = latest
	bootstrap.servers = [localhost:9092]
	check.crcs = true
	client.dns.lookup = use_all_dns_ips
	client.id = consumer-movie-api-group-1
	client.rack = 
	connections.max.idle.ms = 540000
	default.api.timeout.ms = 60000
	enable.auto.commit = false
	enable.metrics.push = true
	exclude.internal.topics = true
	fetch.max.bytes = 52428800
	fetch.max.wait.ms = 500
	fetch.min.bytes = 1
	group.id = movie-api-group
	group.instance.id = null
	group.protocol = classic
	group.remote.assignor = null
	heartbeat.interval.ms = 3000
	interceptor.classes = []
	internal.leave.group.on.close = true
	internal.throw.on.fetch.stable.offset.unsupported = false
	isolation.level = read_uncommitted
	key.deserializer = class org.apache.kafka.common.serialization.StringDeserializer
	max.partition.fetch.bytes = 1048576
	max.poll.interval.ms = 300000
	max.poll.records = 500
	metadata.max.age.ms = 300000
	metric.reporters = []
	metrics.num.samples = 2
	metrics.recording.level = INFO
	metrics.sample.window.ms = 30000
	partition.assignment.strategy = [class org.apache.kafka.clients.consumer.RangeAssignor, class org.apache.kafka.clients.consumer.CooperativeStickyAssignor]
	receive.buffer.bytes = 65536
	reconnect.backoff.max.ms = 1000
	reconnect.backoff.ms = 50
	request.timeout.ms = 30000
	retry.backoff.max.ms = 1000
	retry.backoff.ms = 100
	sasl.client.callback.handler.class = null
	sasl.jaas.config = null
	sasl.kerberos.kinit.cmd = /usr/bin/kinit
	sasl.kerberos.min.time.before.relogin = 60000
	sasl.kerberos.service.name = null
	sasl.kerberos.ticket.renew.jitter = 0.05
	sasl.kerberos.ticket.renew.window.factor = 0.8
	sasl.login.callback.handler.class = null
	sasl.login.class = null
	sasl.login.connect.timeout.ms = null
	sasl.login.read.timeout.ms = null
	sasl.login.refresh.buffer.seconds = 300
	sasl.login.refresh.min.period.seconds = 60
	sasl.login.refresh.window.factor = 0.8
	sasl.login.refresh.window.jitter = 0.05
	sasl.login.retry.backoff.max.ms = 10000
	sasl.login.retry.backoff.ms = 100
	sasl.mechanism = GSSAPI
	sasl.oauthbearer.clock.skew.seconds = 30
	sasl.oauthbearer.expected.audience = null
	sasl.oauthbearer.expected.issuer = null
	sasl.oauthbearer.jwks.endpoint.refresh.ms = 3600000
	sasl.oauthbearer.jwks.endpoint.retry.backoff.max.ms = 10000
	sasl.oauthbearer.jwks.endpoint.retry.backoff.ms = 100
	sasl.oauthbearer.jwks.endpoint.url = null
	sasl.oauthbearer.scope.claim.name = scope
	sasl.oauthbearer.sub.claim.name = sub
	sasl.oauthbearer.token.endpoint.url = null
	security.protocol = PLAINTEXT
	security.providers = null
	send.buffer.bytes = 131072
	session.timeout.ms = 45000
	socket.connection.setup.timeout.max.ms = 30000
	socket.connection.setup.timeout.ms = 10000
	ssl.cipher.suites = null
	ssl.enabled.protocols = [TLSv1.2, TLSv1.3]
	ssl.endpoint.identification.algorithm = https
	ssl.engine.factory.class = null
	ssl.key.password = null
	ssl.keymanager.algorithm = SunX509
	ssl.keystore.certificate.chain = null
	ssl.keystore.key = null
	ssl.keystore.location = null
	ssl.keystore.password = null
	ssl.keystore.type = JKS
	ssl.protocol = TLSv1.3
	ssl.provider = null
	ssl.secure.random.implementation = null
	ssl.trustmanager.algorithm = PKIX
	ssl.truststore.certificates = null
	ssl.truststore.location = null
	ssl.truststore.password = null
	ssl.truststore.type = JKS
	value.deserializer = class org.springframework.kafka.support.serializer.JsonDeserializer

2025-10-11T22:20:11.907+05:30  INFO 9392 --- [restartedMain] o.a.k.c.t.i.KafkaMetricsCollector        : initializing Kafka metrics collector
2025-10-11T22:20:12.175+05:30  INFO 9392 --- [restartedMain] o.a.kafka.common.utils.AppInfoParser     : Kafka version: 3.7.1
2025-10-11T22:20:12.175+05:30  INFO 9392 --- [restartedMain] o.a.kafka.common.utils.AppInfoParser     : Kafka commitId: e2494e6ffb89f828
2025-10-11T22:20:12.175+05:30  INFO 9392 --- [restartedMain] o.a.kafka.common.utils.AppInfoParser     : Kafka startTimeMs: 1760201412173
2025-10-11T22:20:12.184+05:30  INFO 9392 --- [restartedMain] o.a.k.c.c.internals.LegacyKafkaConsumer  : [Consumer clientId=consumer-movie-api-group-1, groupId=movie-api-group] Subscribed to topic(s): movie.events
2025-10-11T22:20:12.238+05:30  INFO 9392 --- [restartedMain] c.karthyk.movieapi.MovieapiApplication   : Started MovieapiApplication in 12.483 seconds (process running for 13.463)
2025-10-11T22:20:12.890+05:30  INFO 9392 --- [org.springframework.kafka.KafkaListenerEndpointContainer#0-0-C-1] org.apache.kafka.clients.Metadata        : [Consumer clientId=consumer-movie-api-group-1, groupId=movie-api-group] Cluster ID: HWgE7wCgRqe1M91xygTMUw
2025-10-11T22:20:12.900+05:30  INFO 9392 --- [org.springframework.kafka.KafkaListenerEndpointContainer#0-0-C-1] o.a.k.c.c.internals.ConsumerCoordinator  : [Consumer clientId=consumer-movie-api-group-1, groupId=movie-api-group] Discovered group coordinator localhost:9092 (id: 2147482646 rack: null)
2025-10-11T22:20:12.906+05:30  INFO 9392 --- [org.springframework.kafka.KafkaListenerEndpointContainer#0-0-C-1] o.a.k.c.c.internals.ConsumerCoordinator  : [Consumer clientId=consumer-movie-api-group-1, groupId=movie-api-group] (Re-)joining group
2025-10-11T22:20:12.936+05:30  INFO 9392 --- [org.springframework.kafka.KafkaListenerEndpointContainer#0-0-C-1] o.a.k.c.c.internals.ConsumerCoordinator  : [Consumer clientId=consumer-movie-api-group-1, groupId=movie-api-group] Request joining group due to: need to re-join with the given member-id: consumer-movie-api-group-1-f5d4252b-3b54-46e3-86dd-c88eaeaaa323
2025-10-11T22:20:12.937+05:30  INFO 9392 --- [org.springframework.kafka.KafkaListenerEndpointContainer#0-0-C-1] o.a.k.c.c.internals.ConsumerCoordinator  : [Consumer clientId=consumer-movie-api-group-1, groupId=movie-api-group] (Re-)joining group
2025-10-11T22:20:15.947+05:30  INFO 9392 --- [org.springframework.kafka.KafkaListenerEndpointContainer#0-0-C-1] o.a.k.c.c.internals.ConsumerCoordinator  : [Consumer clientId=consumer-movie-api-group-1, groupId=movie-api-group] Successfully joined group with generation Generation{generationId=9, memberId='consumer-movie-api-group-1-f5d4252b-3b54-46e3-86dd-c88eaeaaa323', protocol='range'}
2025-10-11T22:20:15.964+05:30  INFO 9392 --- [org.springframework.kafka.KafkaListenerEndpointContainer#0-0-C-1] o.a.k.c.c.internals.ConsumerCoordinator  : [Consumer clientId=consumer-movie-api-group-1, groupId=movie-api-group] Finished assignment for group at generation 9: {consumer-movie-api-group-1-f5d4252b-3b54-46e3-86dd-c88eaeaaa323=Assignment(partitions=[movie.events-0])}
2025-10-11T22:20:16.012+05:30  INFO 9392 --- [org.springframework.kafka.KafkaListenerEndpointContainer#0-0-C-1] o.a.k.c.c.internals.ConsumerCoordinator  : [Consumer clientId=consumer-movie-api-group-1, groupId=movie-api-group] Successfully synced group in generation Generation{generationId=9, memberId='consumer-movie-api-group-1-f5d4252b-3b54-46e3-86dd-c88eaeaaa323', protocol='range'}
2025-10-11T22:20:16.012+05:30  INFO 9392 --- [org.springframework.kafka.KafkaListenerEndpointContainer#0-0-C-1] o.a.k.c.c.internals.ConsumerCoordinator  : [Consumer clientId=consumer-movie-api-group-1, groupId=movie-api-group] Notifying assignor about the new Assignment(partitions=[movie.events-0])
2025-10-11T22:20:16.017+05:30  INFO 9392 --- [org.springframework.kafka.KafkaListenerEndpointContainer#0-0-C-1] k.c.c.i.ConsumerRebalanceListenerInvoker : [Consumer clientId=consumer-movie-api-group-1, groupId=movie-api-group] Adding newly assigned partitions: movie.events-0
2025-10-11T22:20:16.058+05:30  INFO 9392 --- [org.springframework.kafka.KafkaListenerEndpointContainer#0-0-C-1] o.a.k.c.c.internals.ConsumerUtils        : Setting offset for partition movie.events-0 to the committed offset FetchPosition{offset=3, offsetEpoch=Optional.empty, currentLeader=LeaderAndEpoch{leader=Optional[localhost:9092 (id: 1001 rack: null)], epoch=0}}
2025-10-11T22:20:16.061+05:30  INFO 9392 --- [org.springframework.kafka.KafkaListenerEndpointContainer#0-0-C-1] o.s.k.l.KafkaMessageListenerContainer    : movie-api-group: partitions assigned: [movie.events-0]
2025-10-11T22:20:25.070+05:30  INFO 9392 --- [http-nio-8080-exec-1] o.a.c.c.C.[Tomcat].[localhost].[/]       : Initializing Spring DispatcherServlet 'dispatcherServlet'
2025-10-11T22:20:25.070+05:30  INFO 9392 --- [http-nio-8080-exec-1] o.s.web.servlet.DispatcherServlet        : Initializing Servlet 'dispatcherServlet'
2025-10-11T22:20:25.077+05:30  INFO 9392 --- [http-nio-8080-exec-1] o.s.web.servlet.DispatcherServlet        : Completed initialization in 6 ms
2025-10-11T22:20:26.655+05:30  INFO 9392 --- [http-nio-8080-exec-9] o.springdoc.api.AbstractOpenApiResource  : Init duration for springdoc-openapi is: 754 ms
2025-10-11T22:20:50.870+05:30  INFO 9392 --- [http-nio-8080-exec-4] c.karthyk.movieapi.service.MovieService  : Sending all movie details
